2026-05-14T09:33:28.641Z [INFO] : Launching application
2026-05-14T09:33:33.736Z [ERROR] : Test Failed: Login using API-created user
2026-05-14T09:33:35.919Z [INFO] : Launching application
2026-05-14T09:33:40.748Z [ERROR] : Test Failed: Demo Blaze Tests
2026-05-14T09:33:41.148Z [INFO] : Launching application
2026-05-14T09:33:44.541Z [ERROR] : Test Failed: Login using API-created user
2026-05-14T09:33:50.310Z [INFO] : Launching application
2026-05-14T09:33:52.353Z [ERROR] : Test Failed: Demo Blaze Tests
2026-05-14T09:33:53.182Z [INFO] : Launching application
2026-05-14T09:33:55.294Z [ERROR] : Test Failed: Login using API-created user
2026-05-14T09:33:59.154Z [INFO] : Launching application
2026-05-14T09:34:00.882Z [ERROR] : Test Failed: Demo Blaze Tests
2026-05-14T09:35:05.603Z [INFO] : Launching application
2026-05-14T09:35:06.634Z [INFO] : Creating user via API
2026-05-14T09:35:07.381Z [INFO] : API Status: 200
2026-05-14T09:35:11.879Z [INFO] : Launching application
2026-05-14T09:35:13.266Z [INFO] : Creating a user via UI
2026-05-14T09:35:14.949Z [INFO] : Login with created user
2026-05-14T09:35:15.850Z [INFO] : Landing in Home Page and selecting a product
2026-05-14T09:35:28.028Z [ERROR] : Test Failed: Demo Blaze Tests
2026-05-14T09:35:33.783Z [INFO] : Launching application
2026-05-14T09:35:35.052Z [INFO] : Creating a user via UI
2026-05-14T09:35:35.965Z [INFO] : Login with created user
2026-05-14T09:35:36.975Z [INFO] : Landing in Home Page and selecting a product
2026-05-14T09:35:49.238Z [ERROR] : Test Failed: Demo Blaze Tests
2026-05-14T09:35:56.045Z [INFO] : Launching application
2026-05-14T09:36:10.704Z [INFO] : Creating a user via UI
2026-05-14T09:36:11.616Z [INFO] : Login with created user
2026-05-14T09:36:12.581Z [INFO] : Landing in Home Page and selecting a product
2026-05-14T09:36:16.357Z [INFO] : Landing in Cart Page
2026-05-14T09:37:35.990Z [INFO] : Launching application
2026-05-14T09:37:37.968Z [INFO] : Creating user via API
2026-05-14T09:37:38.716Z [INFO] : API Status: 200
2026-05-14T09:37:39.968Z [ERROR] : Test Failed: Login using API-created user
2026-05-14T09:37:46.225Z [INFO] : Launching application
2026-05-14T09:37:54.111Z [INFO] : Creating user via API
2026-05-14T09:37:55.878Z [INFO] : API Status: 200
2026-05-14T09:37:57.001Z [ERROR] : Test Failed: Login using API-created user
2026-05-14T09:38:09.403Z [INFO] : Launching application
2026-05-14T09:38:11.497Z [INFO] : Creating user via API
2026-05-14T09:38:12.391Z [INFO] : API Status: 200
2026-05-14T09:38:13.419Z [ERROR] : Test Failed: Login using API-created user
2026-05-14T09:38:18.128Z [INFO] : Launching application
2026-05-14T09:38:40.500Z [ERROR] : Test Failed: Demo Blaze Tests
2026-05-14T09:38:45.674Z [INFO] : Launching application
2026-05-14T09:39:08.270Z [ERROR] : Test Failed: Demo Blaze Tests
2026-05-14T09:39:13.014Z [INFO] : Launching application
2026-05-14T09:39:16.331Z [INFO] : Creating a user via UI
2026-05-14T09:39:17.256Z [INFO] : Login with created user
2026-05-14T09:39:18.048Z [ERROR] : Test Failed: Demo Blaze Tests
2026-05-14T09:40:14.138Z [INFO] : Launching application
2026-05-14T09:40:15.733Z [INFO] : Creating user via API
2026-05-14T09:40:15.820Z [INFO] : Logging in user: pavanol
2026-05-14T09:40:16.729Z [INFO] : API Status: 200
2026-05-14T09:40:16.759Z [INFO] : Logging in user: user1778751615733
2026-05-14T09:40:20.710Z [INFO] : Launching application
2026-05-14T09:40:29.447Z [INFO] : Creating a user via UI
2026-05-14T09:40:30.379Z [INFO] : Login with created user
2026-05-14T09:40:30.382Z [INFO] : Logging in user: pavanol
2026-05-14T09:40:31.414Z [INFO] : Landing in Home Page and selecting a product
2026-05-14T09:40:34.174Z [INFO] : Landing in Cart Page
2026-05-14T09:48:44.430Z [INFO] : Launching application
2026-05-14T09:48:47.743Z [INFO] : Creating user via API
2026-05-14T09:48:47.792Z [INFO] : Logging in user: pavanol
2026-05-14T09:48:48.888Z [INFO] : API Status: 200
2026-05-14T09:48:48.893Z [INFO] : Logging in user: user1778752127743
2026-05-14T09:48:53.700Z [INFO] : Launching application
2026-05-14T09:48:56.442Z [INFO] : Creating a user via UI
2026-05-14T09:48:57.633Z [INFO] : Login with created user
2026-05-14T09:48:57.634Z [INFO] : Logging in user: pavanol
2026-05-14T09:48:58.727Z [INFO] : Landing in Home Page and selecting a product
2026-05-14T09:49:32.992Z [INFO] : Launching application
2026-05-14T09:49:43.933Z [INFO] : Creating a user via UI
2026-05-14T09:49:45.228Z [INFO] : Login with created user
2026-05-14T09:49:45.230Z [INFO] : Logging in user: pavanol
2026-05-14T09:49:46.338Z [INFO] : Landing in Home Page and selecting a product
2026-05-14T09:49:50.522Z [INFO] : Landing in Cart Page
2026-05-14T10:01:56.174Z [INFO] : Launching application
2026-05-14T10:02:02.689Z [INFO] : Logging in user: pavanol
2026-05-14T10:02:03.597Z [INFO] : Creating user via API
2026-05-14T10:02:05.117Z [INFO] : API Status: 200
2026-05-14T10:02:05.118Z [INFO] : Logging in user: user1778752923597
2026-05-14T10:02:13.111Z [INFO] : Launching application
2026-05-14T10:02:15.396Z [INFO] : Creating a user via UI
2026-05-14T10:02:17.345Z [INFO] : Login with created user
2026-05-14T10:02:17.350Z [INFO] : Logging in user: pavanol
2026-05-14T10:02:18.630Z [INFO] : Landing in Home Page and selecting a product
2026-05-14T10:02:21.601Z [INFO] : Landing in Cart Page
